Analysis & Synthesis report for sc_computer
Tue Dec 13 15:26:06 2016
Quartus II 64-Bit Version 13.1.0 Build 162 10/23/2013 SJ Web Edition


---------------------
; Table of Contents ;
---------------------
  1. Legal Notice
  2. Analysis & Synthesis Summary
  3. Analysis & Synthesis Settings
  4. Parallel Compilation
  5. Analysis & Synthesis Source Files Read
  6. Analysis & Synthesis Resource Usage Summary
  7. Analysis & Synthesis Resource Utilization by Entity
  8. Analysis & Synthesis RAM Summary
  9. Analysis & Synthesis IP Cores Summary
 10. General Register Statistics
 11. Inverted Register Statistics
 12. Multiplexer Restructuring Statistics (Restructuring Performed)
 13. Source assignments for sc_instmem:imem|lpm_rom_irom:irom|altsyncram:altsyncram_component|altsyncram_bpm1:auto_generated
 14. Source assignments for sc_datamem:dmem|lpm_ram_dq_dram:dram|altsyncram:altsyncram_component|altsyncram_o7q1:auto_generated
 15. Parameter Settings for User Entity Instance: sc_instmem:imem|lpm_rom_irom:irom|altsyncram:altsyncram_component
 16. Parameter Settings for User Entity Instance: sc_datamem:dmem|lpm_ram_dq_dram:dram|altsyncram:altsyncram_component
 17. altsyncram Parameter Settings by Entity Instance
 18. Port Connectivity Checks: "sc_cpu:cpu|mux4x32:nextpc"
 19. Port Connectivity Checks: "sc_cpu:cpu|mux2x32:alu_a"
 20. Elapsed Time Per Partition
 21. Analysis & Synthesis Messages



----------------
; Legal Notice ;
----------------
Copyright (C) 1991-2013 Altera Corporation
Your use of Altera Corporation's design tools, logic functions 
and other software and tools, and its AMPP partner logic 
functions, and any output files from any of the foregoing 
(including device programming or simulation files), and any 
associated documentation or information are expressly subject 
to the terms and conditions of the Altera Program License 
Subscription Agreement, Altera MegaCore Function License 
Agreement, or other applicable license agreement, including, 
without limitation, that your use is for the sole purpose of 
programming logic devices manufactured by Altera and sold by 
Altera or its authorized distributors.  Please refer to the 
applicable agreement for further details.



+------------------------------------------------------------------------------+
; Analysis & Synthesis Summary                                                 ;
+---------------------------------+--------------------------------------------+
; Analysis & Synthesis Status     ; Successful - Tue Dec 13 15:26:06 2016      ;
; Quartus II 64-Bit Version       ; 13.1.0 Build 162 10/23/2013 SJ Web Edition ;
; Revision Name                   ; sc_computer                                ;
; Top-level Entity Name           ; sc_computer                                ;
; Family                          ; Cyclone V                                  ;
; Logic utilization (in ALMs)     ; N/A                                        ;
; Total registers                 ; 1024                                       ;
; Total pins                      ; 133                                        ;
; Total virtual pins              ; 0                                          ;
; Total block memory bits         ; 3,072                                      ;
; Total DSP Blocks                ; 0                                          ;
; Total HSSI RX PCSs              ; 0                                          ;
; Total HSSI PMA RX Deserializers ; 0                                          ;
; Total HSSI TX PCSs              ; 0                                          ;
; Total HSSI TX Channels          ; 0                                          ;
; Total PLLs                      ; 0                                          ;
; Total DLLs                      ; 0                                          ;
+---------------------------------+--------------------------------------------+


+---------------------------------------------------------------------------------------------------------------------------+
; Analysis & Synthesis Settings                                                                                             ;
+---------------------------------------------------------------------------------+--------------------+--------------------+
; Option                                                                          ; Setting            ; Default Value      ;
+---------------------------------------------------------------------------------+--------------------+--------------------+
; Device                                                                          ; 5CSEMA5F31C6       ;                    ;
; Top-level entity name                                                           ; sc_computer        ; sc_computer        ;
; Family name                                                                     ; Cyclone V          ; Cyclone IV GX      ;
; Use smart compilation                                                           ; Off                ; Off                ;
; Enable parallel Assembler and TimeQuest Timing Analyzer during compilation      ; On                 ; On                 ;
; Enable compact report table                                                     ; Off                ; Off                ;
; Restructure Multiplexers                                                        ; Auto               ; Auto               ;
; MLAB Add Timing Constraints For Mixed-Port Feed-Through Mode Setting Don't Care ; Off                ; Off                ;
; Create Debugging Nodes for IP Cores                                             ; Off                ; Off                ;
; Preserve fewer node names                                                       ; On                 ; On                 ;
; Disable OpenCore Plus hardware evaluation                                       ; Off                ; Off                ;
; Verilog Version                                                                 ; Verilog_2001       ; Verilog_2001       ;
; VHDL Version                                                                    ; VHDL_1993          ; VHDL_1993          ;
; State Machine Processing                                                        ; Auto               ; Auto               ;
; Safe State Machine                                                              ; Off                ; Off                ;
; Extract Verilog State Machines                                                  ; On                 ; On                 ;
; Extract VHDL State Machines                                                     ; On                 ; On                 ;
; Ignore Verilog initial constructs                                               ; Off                ; Off                ;
; Iteration limit for constant Verilog loops                                      ; 5000               ; 5000               ;
; Iteration limit for non-constant Verilog loops                                  ; 250                ; 250                ;
; Add Pass-Through Logic to Inferred RAMs                                         ; On                 ; On                 ;
; Infer RAMs from Raw Logic                                                       ; On                 ; On                 ;
; Parallel Synthesis                                                              ; On                 ; On                 ;
; DSP Block Balancing                                                             ; Auto               ; Auto               ;
; NOT Gate Push-Back                                                              ; On                 ; On                 ;
; Power-Up Don't Care                                                             ; On                 ; On                 ;
; Remove Redundant Logic Cells                                                    ; Off                ; Off                ;
; Remove Duplicate Registers                                                      ; On                 ; On                 ;
; Ignore CARRY Buffers                                                            ; Off                ; Off                ;
; Ignore CASCADE Buffers                                                          ; Off                ; Off                ;
; Ignore GLOBAL Buffers                                                           ; Off                ; Off                ;
; Ignore ROW GLOBAL Buffers                                                       ; Off                ; Off                ;
; Ignore LCELL Buffers                                                            ; Off                ; Off                ;
; Ignore SOFT Buffers                                                             ; On                 ; On                 ;
; Limit AHDL Integers to 32 Bits                                                  ; Off                ; Off                ;
; Optimization Technique                                                          ; Balanced           ; Balanced           ;
; Carry Chain Length                                                              ; 70                 ; 70                 ;
; Auto Carry Chains                                                               ; On                 ; On                 ;
; Auto Open-Drain Pins                                                            ; On                 ; On                 ;
; Perform WYSIWYG Primitive Resynthesis                                           ; Off                ; Off                ;
; Auto ROM Replacement                                                            ; On                 ; On                 ;
; Auto RAM Replacement                                                            ; On                 ; On                 ;
; Auto DSP Block Replacement                                                      ; On                 ; On                 ;
; Auto Shift Register Replacement                                                 ; Auto               ; Auto               ;
; Allow Shift Register Merging across Hierarchies                                 ; Auto               ; Auto               ;
; Auto Clock Enable Replacement                                                   ; On                 ; On                 ;
; Strict RAM Replacement                                                          ; Off                ; Off                ;
; Allow Synchronous Control Signals                                               ; On                 ; On                 ;
; Force Use of Synchronous Clear Signals                                          ; Off                ; Off                ;
; Auto Resource Sharing                                                           ; Off                ; Off                ;
; Allow Any RAM Size For Recognition                                              ; Off                ; Off                ;
; Allow Any ROM Size For Recognition                                              ; Off                ; Off                ;
; Allow Any Shift Register Size For Recognition                                   ; Off                ; Off                ;
; Use LogicLock Constraints during Resource Balancing                             ; On                 ; On                 ;
; Ignore translate_off and synthesis_off directives                               ; Off                ; Off                ;
; Timing-Driven Synthesis                                                         ; On                 ; On                 ;
; Report Parameter Settings                                                       ; On                 ; On                 ;
; Report Source Assignments                                                       ; On                 ; On                 ;
; Report Connectivity Checks                                                      ; On                 ; On                 ;
; Ignore Maximum Fan-Out Assignments                                              ; Off                ; Off                ;
; Synchronization Register Chain Length                                           ; 3                  ; 3                  ;
; PowerPlay Power Optimization                                                    ; Normal compilation ; Normal compilation ;
; HDL message level                                                               ; Level2             ; Level2             ;
; Suppress Register Optimization Related Messages                                 ; Off                ; Off                ;
; Number of Removed Registers Reported in Synthesis Report                        ; 5000               ; 5000               ;
; Number of Swept Nodes Reported in Synthesis Report                              ; 5000               ; 5000               ;
; Number of Inverted Registers Reported in Synthesis Report                       ; 100                ; 100                ;
; Clock MUX Protection                                                            ; On                 ; On                 ;
; Auto Gated Clock Conversion                                                     ; Off                ; Off                ;
; Block Design Naming                                                             ; Auto               ; Auto               ;
; SDC constraint protection                                                       ; Off                ; Off                ;
; Synthesis Effort                                                                ; Auto               ; Auto               ;
; Shift Register Replacement - Allow Asynchronous Clear Signal                    ; On                 ; On                 ;
; Pre-Mapping Resynthesis Optimization                                            ; Off                ; Off                ;
; Analysis & Synthesis Message Level                                              ; Medium             ; Medium             ;
; Disable Register Merging Across Hierarchies                                     ; Auto               ; Auto               ;
; Resource Aware Inference For Block RAM                                          ; On                 ; On                 ;
; Synthesis Seed                                                                  ; 1                  ; 1                  ;
; Automatic Parallel Synthesis                                                    ; On                 ; On                 ;
+---------------------------------------------------------------------------------+--------------------+--------------------+


+------------------------------------------+
; Parallel Compilation                     ;
+----------------------------+-------------+
; Processors                 ; Number      ;
+----------------------------+-------------+
; Number detected on machine ; 4           ;
; Maximum allowed            ; 2           ;
;                            ;             ;
; Average used               ; 1.00        ;
; Maximum used               ; 2           ;
;                            ;             ;
; Usage by Processor         ; % Time Used ;
;     Processor 1            ; 100.0%      ;
;     Processor 2            ; < 0.1%      ;
;     Processors 3-4         ;   0.0%      ;
+----------------------------+-------------+


+------------------------------------------------------------------------------------------------------------------------------------------------------------------------+
; Analysis & Synthesis Source Files Read                                                                                                                                 ;
+----------------------------------+-----------------+----------------------------------+----------------------------------------------------------------------+---------+
; File Name with User-Entered Path ; Used in Netlist ; File Type                        ; File Name with Absolute Path                                         ; Library ;
+----------------------------------+-----------------+----------------------------------+----------------------------------------------------------------------+---------+
; source/sc_instmen.v              ; yes             ; User Verilog HDL File            ; E:/altera/13.1/mydesign/sc_computer_student/source/sc_instmen.v      ;         ;
; source/sc_instmem.mif            ; yes             ; User Memory Initialization File  ; E:/altera/13.1/mydesign/sc_computer_student/source/sc_instmem.mif    ;         ;
; source/sc_datamem.v              ; yes             ; User Verilog HDL File            ; E:/altera/13.1/mydesign/sc_computer_student/source/sc_datamem.v      ;         ;
; source/sc_datamem.mif            ; yes             ; User Memory Initialization File  ; E:/altera/13.1/mydesign/sc_computer_student/source/sc_datamem.mif    ;         ;
; source/sc_cu.v                   ; yes             ; User Verilog HDL File            ; E:/altera/13.1/mydesign/sc_computer_student/source/sc_cu.v           ;         ;
; source/sc_cpu.v                  ; yes             ; User Verilog HDL File            ; E:/altera/13.1/mydesign/sc_computer_student/source/sc_cpu.v          ;         ;
; source/sc_computer.v             ; yes             ; User Verilog HDL File            ; E:/altera/13.1/mydesign/sc_computer_student/source/sc_computer.v     ;         ;
; source/regfile.v                 ; yes             ; User Verilog HDL File            ; E:/altera/13.1/mydesign/sc_computer_student/source/regfile.v         ;         ;
; source/mux4x32.v                 ; yes             ; User Verilog HDL File            ; E:/altera/13.1/mydesign/sc_computer_student/source/mux4x32.v         ;         ;
; source/mux2x32.v                 ; yes             ; User Verilog HDL File            ; E:/altera/13.1/mydesign/sc_computer_student/source/mux2x32.v         ;         ;
; source/mux2x5.v                  ; yes             ; User Verilog HDL File            ; E:/altera/13.1/mydesign/sc_computer_student/source/mux2x5.v          ;         ;
; source/lpm_rom_irom.v            ; yes             ; User Wizard-Generated File       ; E:/altera/13.1/mydesign/sc_computer_student/source/lpm_rom_irom.v    ;         ;
; source/lpm_ram_dq_dram.v         ; yes             ; User Wizard-Generated File       ; E:/altera/13.1/mydesign/sc_computer_student/source/lpm_ram_dq_dram.v ;         ;
; source/dff32.v                   ; yes             ; User Verilog HDL File            ; E:/altera/13.1/mydesign/sc_computer_student/source/dff32.v           ;         ;
; source/alu.v                     ; yes             ; User Verilog HDL File            ; E:/altera/13.1/mydesign/sc_computer_student/source/alu.v             ;         ;
; altsyncram.tdf                   ; yes             ; Megafunction                     ; e:/altera/13.1/quartus/libraries/megafunctions/altsyncram.tdf        ;         ;
; stratix_ram_block.inc            ; yes             ; Megafunction                     ; e:/altera/13.1/quartus/libraries/megafunctions/stratix_ram_block.inc ;         ;
; lpm_mux.inc                      ; yes             ; Megafunction                     ; e:/altera/13.1/quartus/libraries/megafunctions/lpm_mux.inc           ;         ;
; lpm_decode.inc                   ; yes             ; Megafunction                     ; e:/altera/13.1/quartus/libraries/megafunctions/lpm_decode.inc        ;         ;
; aglobal131.inc                   ; yes             ; Megafunction                     ; e:/altera/13.1/quartus/libraries/megafunctions/aglobal131.inc        ;         ;
; a_rdenreg.inc                    ; yes             ; Megafunction                     ; e:/altera/13.1/quartus/libraries/megafunctions/a_rdenreg.inc         ;         ;
; altrom.inc                       ; yes             ; Megafunction                     ; e:/altera/13.1/quartus/libraries/megafunctions/altrom.inc            ;         ;
; altram.inc                       ; yes             ; Megafunction                     ; e:/altera/13.1/quartus/libraries/megafunctions/altram.inc            ;         ;
; altdpram.inc                     ; yes             ; Megafunction                     ; e:/altera/13.1/quartus/libraries/megafunctions/altdpram.inc          ;         ;
; db/altsyncram_bpm1.tdf           ; yes             ; Auto-Generated Megafunction      ; E:/altera/13.1/mydesign/sc_computer_student/db/altsyncram_bpm1.tdf   ;         ;
; db/altsyncram_o7q1.tdf           ; yes             ; Auto-Generated Megafunction      ; E:/altera/13.1/mydesign/sc_computer_student/db/altsyncram_o7q1.tdf   ;         ;
+----------------------------------+-----------------+----------------------------------+----------------------------------------------------------------------+---------+


+-----------------------------------------------------------+
; Analysis & Synthesis Resource Usage Summary               ;
+---------------------------------------------+-------------+
; Resource                                    ; Usage       ;
+---------------------------------------------+-------------+
; Estimate of Logic utilization (ALMs needed) ; 1311        ;
;                                             ;             ;
; Combinational ALUT usage for logic          ; 1559        ;
;     -- 7 input functions                    ; 58          ;
;     -- 6 input functions                    ; 886         ;
;     -- 5 input functions                    ; 288         ;
;     -- 4 input functions                    ; 100         ;
;     -- <=3 input functions                  ; 227         ;
;                                             ;             ;
; Dedicated logic registers                   ; 1024        ;
;                                             ;             ;
; I/O pins                                    ; 133         ;
; Total MLAB memory bits                      ; 0           ;
; Total block memory bits                     ; 3072        ;
; Total DSP Blocks                            ; 0           ;
; Maximum fan-out node                        ; clock~input ;
; Maximum fan-out                             ; 1027        ;
; Total fan-out                               ; 12942       ;
; Average fan-out                             ; 4.44        ;
+---------------------------------------------+-------------+


+--------------------------------------------------------------------------------------------------------------------------------------------------------------------------------------------------------------------------------------------------------------------------+
; Analysis & Synthesis Resource Utilization by Entity                                                                                                                                                                                                                      ;
+----------------------------------------------+-------------------+--------------+-------------------+------------+------+--------------+------------------------------------------------------------------------------------------------------------------+--------------+
; Compilation Hierarchy Node                   ; LC Combinationals ; LC Registers ; Block Memory Bits ; DSP Blocks ; Pins ; Virtual Pins ; Full Hierarchy Name                                                                                              ; Library Name ;
+----------------------------------------------+-------------------+--------------+-------------------+------------+------+--------------+------------------------------------------------------------------------------------------------------------------+--------------+
; |sc_computer                                 ; 1559 (0)          ; 1024 (0)     ; 3072              ; 0          ; 133  ; 0            ; |sc_computer                                                                                                     ; work         ;
;    |sc_cpu:cpu|                              ; 1556 (65)         ; 1024 (0)     ; 0                 ; 0          ; 0    ; 0            ; |sc_computer|sc_cpu:cpu                                                                                          ; work         ;
;       |alu:al_unit|                          ; 538 (538)         ; 0 (0)        ; 0                 ; 0          ; 0    ; 0            ; |sc_computer|sc_cpu:cpu|alu:al_unit                                                                              ; work         ;
;       |dff32:ip|                             ; 29 (29)           ; 32 (32)      ; 0                 ; 0          ; 0    ; 0            ; |sc_computer|sc_cpu:cpu|dff32:ip                                                                                 ; work         ;
;       |mux2x32:alu_a|                        ; 21 (21)           ; 0 (0)        ; 0                 ; 0          ; 0    ; 0            ; |sc_computer|sc_cpu:cpu|mux2x32:alu_a                                                                            ; work         ;
;       |mux2x32:alu_b|                        ; 46 (46)           ; 0 (0)        ; 0                 ; 0          ; 0    ; 0            ; |sc_computer|sc_cpu:cpu|mux2x32:alu_b                                                                            ; work         ;
;       |mux2x32:link|                         ; 32 (32)           ; 0 (0)        ; 0                 ; 0          ; 0    ; 0            ; |sc_computer|sc_cpu:cpu|mux2x32:link                                                                             ; work         ;
;       |mux4x32:nextpc|                       ; 34 (34)           ; 0 (0)        ; 0                 ; 0          ; 0    ; 0            ; |sc_computer|sc_cpu:cpu|mux4x32:nextpc                                                                           ; work         ;
;       |regfile:rf|                           ; 759 (759)         ; 992 (992)    ; 0                 ; 0          ; 0    ; 0            ; |sc_computer|sc_cpu:cpu|regfile:rf                                                                               ; work         ;
;       |sc_cu:cu|                             ; 32 (32)           ; 0 (0)        ; 0                 ; 0          ; 0    ; 0            ; |sc_computer|sc_cpu:cpu|sc_cu:cu                                                                                 ; work         ;
;    |sc_datamem:dmem|                         ; 2 (2)             ; 0 (0)        ; 1024              ; 0          ; 0    ; 0            ; |sc_computer|sc_datamem:dmem                                                                                     ; work         ;
;       |lpm_ram_dq_dram:dram|                 ; 0 (0)             ; 0 (0)        ; 1024              ; 0          ; 0    ; 0            ; |sc_computer|sc_datamem:dmem|lpm_ram_dq_dram:dram                                                                ; work         ;
;          |altsyncram:altsyncram_component|   ; 0 (0)             ; 0 (0)        ; 1024              ; 0          ; 0    ; 0            ; |sc_computer|sc_datamem:dmem|lpm_ram_dq_dram:dram|altsyncram:altsyncram_component                                ; work         ;
;             |altsyncram_o7q1:auto_generated| ; 0 (0)             ; 0 (0)        ; 1024              ; 0          ; 0    ; 0            ; |sc_computer|sc_datamem:dmem|lpm_ram_dq_dram:dram|altsyncram:altsyncram_component|altsyncram_o7q1:auto_generated ; work         ;
;    |sc_instmem:imem|                         ; 1 (1)             ; 0 (0)        ; 2048              ; 0          ; 0    ; 0            ; |sc_computer|sc_instmem:imem                                                                                     ; work         ;
;       |lpm_rom_irom:irom|                    ; 0 (0)             ; 0 (0)        ; 2048              ; 0          ; 0    ; 0            ; |sc_computer|sc_instmem:imem|lpm_rom_irom:irom                                                                   ; work         ;
;          |altsyncram:altsyncram_component|   ; 0 (0)             ; 0 (0)        ; 2048              ; 0          ; 0    ; 0            ; |sc_computer|sc_instmem:imem|lpm_rom_irom:irom|altsyncram:altsyncram_component                                   ; work         ;
;             |altsyncram_bpm1:auto_generated| ; 0 (0)             ; 0 (0)        ; 2048              ; 0          ; 0    ; 0            ; |sc_computer|sc_instmem:imem|lpm_rom_irom:irom|altsyncram:altsyncram_component|altsyncram_bpm1:auto_generated    ; work         ;
+----------------------------------------------+-------------------+--------------+-------------------+------------+------+--------------+------------------------------------------------------------------------------------------------------------------+--------------+
Note: For table entries with two numbers listed, the numbers in parentheses indicate the number of resources of the given type used by the specific entity alone. The numbers listed outside of parentheses indicate the total resources of the given type used by the specific entity and all of its sub-entities in the hierarchy.


+----------------------------------------------------------------------------------------------------------------------------------------------------------------------------------------------------------------------------------------------------------------------------+
; Analysis & Synthesis RAM Summary                                                                                                                                                                                                                                           ;
+----------------------------------------------------------------------------------------------------------------+------+-------------+--------------+--------------+--------------+--------------+------+-------------------------------------------------------------------+
; Name                                                                                                           ; Type ; Mode        ; Port A Depth ; Port A Width ; Port B Depth ; Port B Width ; Size ; MIF                                                               ;
+----------------------------------------------------------------------------------------------------------------+------+-------------+--------------+--------------+--------------+--------------+------+-------------------------------------------------------------------+
; sc_datamem:dmem|lpm_ram_dq_dram:dram|altsyncram:altsyncram_component|altsyncram_o7q1:auto_generated|ALTSYNCRAM ; AUTO ; Single Port ; 32           ; 32           ; --           ; --           ; 1024 ; E:/altera/13.1/mydesign/sc_computer_student/source/sc_datamem.mif ;
; sc_instmem:imem|lpm_rom_irom:irom|altsyncram:altsyncram_component|altsyncram_bpm1:auto_generated|ALTSYNCRAM    ; AUTO ; ROM         ; 64           ; 32           ; --           ; --           ; 2048 ; E:/altera/13.1/mydesign/sc_computer_student/source/sc_instmem.mif ;
+----------------------------------------------------------------------------------------------------------------+------+-------------+--------------+--------------+--------------+--------------+------+-------------------------------------------------------------------+


+------------------------------------------------------------------------------------------------------------------------------------------------------------------------------------------+
; Analysis & Synthesis IP Cores Summary                                                                                                                                                    ;
+--------+--------------+---------+--------------+--------------+---------------------------------------------------+----------------------------------------------------------------------+
; Vendor ; IP Core Name ; Version ; Release Date ; License Type ; Entity Instance                                   ; IP Include File                                                      ;
+--------+--------------+---------+--------------+--------------+---------------------------------------------------+----------------------------------------------------------------------+
; Altera ; LPM_RAM_DQ   ; N/A     ; N/A          ; N/A          ; |sc_computer|sc_datamem:dmem|lpm_ram_dq_dram:dram ; E:/altera/13.1/mydesign/sc_computer_student/source/lpm_ram_dq_dram.v ;
; Altera ; LPM_ROM      ; N/A     ; N/A          ; N/A          ; |sc_computer|sc_instmem:imem|lpm_rom_irom:irom    ; E:/altera/13.1/mydesign/sc_computer_student/source/lpm_rom_irom.v    ;
+--------+--------------+---------+--------------+--------------+---------------------------------------------------+----------------------------------------------------------------------+


+------------------------------------------------------+
; General Register Statistics                          ;
+----------------------------------------------+-------+
; Statistic                                    ; Value ;
+----------------------------------------------+-------+
; Total registers                              ; 1024  ;
; Number of registers using Synchronous Clear  ; 0     ;
; Number of registers using Synchronous Load   ; 0     ;
; Number of registers using Asynchronous Clear ; 1024  ;
; Number of registers using Asynchronous Load  ; 0     ;
; Number of registers using Clock Enable       ; 994   ;
; Number of registers using Preset             ; 0     ;
+----------------------------------------------+-------+


+---------------------------------------------------+
; Inverted Register Statistics                      ;
+-----------------------------------------+---------+
; Inverted Register                       ; Fan out ;
+-----------------------------------------+---------+
; sc_cpu:cpu|dff32:ip|q[2]                ; 3       ;
; sc_cpu:cpu|dff32:ip|q[3]                ; 3       ;
; sc_cpu:cpu|dff32:ip|q[4]                ; 3       ;
; sc_cpu:cpu|dff32:ip|q[5]                ; 3       ;
; sc_cpu:cpu|dff32:ip|q[6]                ; 3       ;
; sc_cpu:cpu|dff32:ip|q[7]                ; 3       ;
; sc_cpu:cpu|dff32:ip|q[8]                ; 2       ;
; sc_cpu:cpu|dff32:ip|q[9]                ; 2       ;
; sc_cpu:cpu|dff32:ip|q[10]               ; 2       ;
; sc_cpu:cpu|dff32:ip|q[11]               ; 2       ;
; sc_cpu:cpu|dff32:ip|q[12]               ; 2       ;
; sc_cpu:cpu|dff32:ip|q[13]               ; 2       ;
; sc_cpu:cpu|dff32:ip|q[14]               ; 2       ;
; sc_cpu:cpu|dff32:ip|q[15]               ; 2       ;
; sc_cpu:cpu|dff32:ip|q[16]               ; 2       ;
; sc_cpu:cpu|dff32:ip|q[17]               ; 2       ;
; sc_cpu:cpu|dff32:ip|q[18]               ; 2       ;
; sc_cpu:cpu|dff32:ip|q[19]               ; 2       ;
; sc_cpu:cpu|dff32:ip|q[20]               ; 2       ;
; sc_cpu:cpu|dff32:ip|q[21]               ; 2       ;
; sc_cpu:cpu|dff32:ip|q[22]               ; 2       ;
; sc_cpu:cpu|dff32:ip|q[23]               ; 2       ;
; sc_cpu:cpu|dff32:ip|q[24]               ; 2       ;
; sc_cpu:cpu|dff32:ip|q[25]               ; 2       ;
; sc_cpu:cpu|dff32:ip|q[26]               ; 2       ;
; sc_cpu:cpu|dff32:ip|q[27]               ; 2       ;
; sc_cpu:cpu|dff32:ip|q[28]               ; 2       ;
; sc_cpu:cpu|dff32:ip|q[29]               ; 2       ;
; sc_cpu:cpu|dff32:ip|q[30]               ; 2       ;
; sc_cpu:cpu|dff32:ip|q[31]               ; 2       ;
; Total number of inverted registers = 30 ;         ;
+-----------------------------------------+---------+


+---------------------------------------------------------------------------------------------------------------------------------------------------------------+
; Multiplexer Restructuring Statistics (Restructuring Performed)                                                                                                ;
+--------------------+-----------+---------------+----------------------+------------------------+------------+-------------------------------------------------+
; Multiplexer Inputs ; Bus Width ; Baseline Area ; Area if Restructured ; Saving if Restructured ; Registered ; Example Multiplexer Output                      ;
+--------------------+-----------+---------------+----------------------+------------------------+------------+-------------------------------------------------+
; 4:1                ; 2 bits    ; 4 LEs         ; 2 LEs                ; 2 LEs                  ; Yes        ; |sc_computer|sc_cpu:cpu|dff32:ip|q[0]           ;
; 4:1                ; 4 bits    ; 8 LEs         ; 8 LEs                ; 0 LEs                  ; Yes        ; |sc_computer|sc_cpu:cpu|dff32:ip|q[28]          ;
; 4:1                ; 26 bits   ; 52 LEs        ; 52 LEs               ; 0 LEs                  ; Yes        ; |sc_computer|sc_cpu:cpu|dff32:ip|q[9]           ;
; 3:1                ; 32 bits   ; 64 LEs        ; 64 LEs               ; 0 LEs                  ; No         ; |sc_computer|sc_cpu:cpu|mux2x32:link|y[20]      ;
; 3:1                ; 4 bits    ; 8 LEs         ; 8 LEs                ; 0 LEs                  ; No         ; |sc_computer|sc_cpu:cpu|alu:al_unit|ShiftLeft0  ;
; 3:1                ; 2 bits    ; 4 LEs         ; 4 LEs                ; 0 LEs                  ; No         ; |sc_computer|sc_cpu:cpu|alu:al_unit|ShiftLeft0  ;
; 3:1                ; 4 bits    ; 8 LEs         ; 8 LEs                ; 0 LEs                  ; No         ; |sc_computer|sc_cpu:cpu|alu:al_unit|ShiftRight0 ;
; 3:1                ; 4 bits    ; 8 LEs         ; 8 LEs                ; 0 LEs                  ; No         ; |sc_computer|sc_cpu:cpu|alu:al_unit|ShiftRight1 ;
; 3:1                ; 4 bits    ; 8 LEs         ; 8 LEs                ; 0 LEs                  ; No         ; |sc_computer|sc_cpu:cpu|alu:al_unit|ShiftLeft0  ;
; 32:1               ; 32 bits   ; 672 LEs       ; 672 LEs              ; 0 LEs                  ; No         ; |sc_computer|sc_cpu:cpu|regfile:rf|qb[7]        ;
; 32:1               ; 32 bits   ; 672 LEs       ; 672 LEs              ; 0 LEs                  ; No         ; |sc_computer|sc_cpu:cpu|regfile:rf|qa[10]       ;
; 19:1               ; 7 bits    ; 84 LEs        ; 63 LEs               ; 21 LEs                 ; No         ; |sc_computer|sc_cpu:cpu|alu:al_unit|Mux17       ;
; 20:1               ; 4 bits    ; 52 LEs        ; 40 LEs               ; 12 LEs                 ; No         ; |sc_computer|sc_cpu:cpu|alu:al_unit|Mux24       ;
; 21:1               ; 3 bits    ; 42 LEs        ; 30 LEs               ; 12 LEs                 ; No         ; |sc_computer|sc_cpu:cpu|alu:al_unit|Mux30       ;
; 17:1               ; 11 bits   ; 121 LEs       ; 99 LEs               ; 22 LEs                 ; No         ; |sc_computer|sc_cpu:cpu|alu:al_unit|Mux13       ;
; 19:1               ; 3 bits    ; 36 LEs        ; 30 LEs               ; 6 LEs                  ; No         ; |sc_computer|sc_cpu:cpu|alu:al_unit|Mux3        ;
+--------------------+-----------+---------------+----------------------+------------------------+------------+-------------------------------------------------+


+-------------------------------------------------------------------------------------------------------------------------+
; Source assignments for sc_instmem:imem|lpm_rom_irom:irom|altsyncram:altsyncram_component|altsyncram_bpm1:auto_generated ;
+---------------------------------+--------------------+------+-----------------------------------------------------------+
; Assignment                      ; Value              ; From ; To                                                        ;
+---------------------------------+--------------------+------+-----------------------------------------------------------+
; OPTIMIZE_POWER_DURING_SYNTHESIS ; NORMAL_COMPILATION ; -    ; -                                                         ;
+---------------------------------+--------------------+------+-----------------------------------------------------------+


+----------------------------------------------------------------------------------------------------------------------------+
; Source assignments for sc_datamem:dmem|lpm_ram_dq_dram:dram|altsyncram:altsyncram_component|altsyncram_o7q1:auto_generated ;
+---------------------------------+--------------------+------+--------------------------------------------------------------+
; Assignment                      ; Value              ; From ; To                                                           ;
+---------------------------------+--------------------+------+--------------------------------------------------------------+
; OPTIMIZE_POWER_DURING_SYNTHESIS ; NORMAL_COMPILATION ; -    ; -                                                            ;
+---------------------------------+--------------------+------+--------------------------------------------------------------+


+-------------------------------------------------------------------------------------------------------------------------+
; Parameter Settings for User Entity Instance: sc_instmem:imem|lpm_rom_irom:irom|altsyncram:altsyncram_component          ;
+------------------------------------+-------------------------------------------------------------------+----------------+
; Parameter Name                     ; Value                                                             ; Type           ;
+------------------------------------+-------------------------------------------------------------------+----------------+
; BYTE_SIZE_BLOCK                    ; 8                                                                 ; Untyped        ;
; AUTO_CARRY_CHAINS                  ; ON                                                                ; AUTO_CARRY     ;
; IGNORE_CARRY_BUFFERS               ; OFF                                                               ; IGNORE_CARRY   ;
; AUTO_CASCADE_CHAINS                ; ON                                                                ; AUTO_CASCADE   ;
; IGNORE_CASCADE_BUFFERS             ; OFF                                                               ; IGNORE_CASCADE ;
; WIDTH_BYTEENA                      ; 1                                                                 ; Untyped        ;
; OPERATION_MODE                     ; ROM                                                               ; Untyped        ;
; WIDTH_A                            ; 32                                                                ; Signed Integer ;
; WIDTHAD_A                          ; 6                                                                 ; Signed Integer ;
; NUMWORDS_A                         ; 64                                                                ; Signed Integer ;
; OUTDATA_REG_A                      ; UNREGISTERED                                                      ; Untyped        ;
; ADDRESS_ACLR_A                     ; NONE                                                              ; Untyped        ;
; OUTDATA_ACLR_A                     ; NONE                                                              ; Untyped        ;
; WRCONTROL_ACLR_A                   ; NONE                                                              ; Untyped        ;
; INDATA_ACLR_A                      ; NONE                                                              ; Untyped        ;
; BYTEENA_ACLR_A                     ; NONE                                                              ; Untyped        ;
; WIDTH_B                            ; 1                                                                 ; Untyped        ;
; WIDTHAD_B                          ; 1                                                                 ; Untyped        ;
; NUMWORDS_B                         ; 1                                                                 ; Untyped        ;
; INDATA_REG_B                       ; CLOCK1                                                            ; Untyped        ;
; WRCONTROL_WRADDRESS_REG_B          ; CLOCK1                                                            ; Untyped        ;
; RDCONTROL_REG_B                    ; CLOCK1                                                            ; Untyped        ;
; ADDRESS_REG_B                      ; CLOCK1                                                            ; Untyped        ;
; OUTDATA_REG_B                      ; UNREGISTERED                                                      ; Untyped        ;
; BYTEENA_REG_B                      ; CLOCK1                                                            ; Untyped        ;
; INDATA_ACLR_B                      ; NONE                                                              ; Untyped        ;
; WRCONTROL_ACLR_B                   ; NONE                                                              ; Untyped        ;
; ADDRESS_ACLR_B                     ; NONE                                                              ; Untyped        ;
; OUTDATA_ACLR_B                     ; NONE                                                              ; Untyped        ;
; RDCONTROL_ACLR_B                   ; NONE                                                              ; Untyped        ;
; BYTEENA_ACLR_B                     ; NONE                                                              ; Untyped        ;
; WIDTH_BYTEENA_A                    ; 1                                                                 ; Signed Integer ;
; WIDTH_BYTEENA_B                    ; 1                                                                 ; Untyped        ;
; RAM_BLOCK_TYPE                     ; M4K                                                               ; Untyped        ;
; BYTE_SIZE                          ; 8                                                                 ; Untyped        ;
; READ_DURING_WRITE_MODE_MIXED_PORTS ; DONT_CARE                                                         ; Untyped        ;
; READ_DURING_WRITE_MODE_PORT_A      ; NEW_DATA_NO_NBE_READ                                              ; Untyped        ;
; READ_DURING_WRITE_MODE_PORT_B      ; NEW_DATA_NO_NBE_READ                                              ; Untyped        ;
; INIT_FILE                          ; E:/altera/13.1/mydesign/sc_computer_student/source/sc_instmem.mif ; Untyped        ;
; INIT_FILE_LAYOUT                   ; PORT_A                                                            ; Untyped        ;
; MAXIMUM_DEPTH                      ; 256                                                               ; Signed Integer ;
; CLOCK_ENABLE_INPUT_A               ; BYPASS                                                            ; Untyped        ;
; CLOCK_ENABLE_INPUT_B               ; NORMAL                                                            ; Untyped        ;
; CLOCK_ENABLE_OUTPUT_A              ; BYPASS                                                            ; Untyped        ;
; CLOCK_ENABLE_OUTPUT_B              ; NORMAL                                                            ; Untyped        ;
; CLOCK_ENABLE_CORE_A                ; USE_INPUT_CLKEN                                                   ; Untyped        ;
; CLOCK_ENABLE_CORE_B                ; USE_INPUT_CLKEN                                                   ; Untyped        ;
; ENABLE_ECC                         ; FALSE                                                             ; Untyped        ;
; ECC_PIPELINE_STAGE_ENABLED         ; FALSE                                                             ; Untyped        ;
; WIDTH_ECCSTATUS                    ; 3                                                                 ; Untyped        ;
; DEVICE_FAMILY                      ; Cyclone V                                                         ; Untyped        ;
; CBXI_PARAMETER                     ; altsyncram_bpm1                                                   ; Untyped        ;
+------------------------------------+-------------------------------------------------------------------+----------------+
Note: In order to hide this table in the UI and the text report file, please set the "Show Parameter Settings in Synthesis Report" option in "Analysis and Synthesis Settings -> More Settings" to "Off".


+-------------------------------------------------------------------------------------------------------------------------+
; Parameter Settings for User Entity Instance: sc_datamem:dmem|lpm_ram_dq_dram:dram|altsyncram:altsyncram_component       ;
+------------------------------------+-------------------------------------------------------------------+----------------+
; Parameter Name                     ; Value                                                             ; Type           ;
+------------------------------------+-------------------------------------------------------------------+----------------+
; BYTE_SIZE_BLOCK                    ; 8                                                                 ; Untyped        ;
; AUTO_CARRY_CHAINS                  ; ON                                                                ; AUTO_CARRY     ;
; IGNORE_CARRY_BUFFERS               ; OFF                                                               ; IGNORE_CARRY   ;
; AUTO_CASCADE_CHAINS                ; ON                                                                ; AUTO_CASCADE   ;
; IGNORE_CASCADE_BUFFERS             ; OFF                                                               ; IGNORE_CASCADE ;
; WIDTH_BYTEENA                      ; 1                                                                 ; Untyped        ;
; OPERATION_MODE                     ; SINGLE_PORT                                                       ; Untyped        ;
; WIDTH_A                            ; 32                                                                ; Signed Integer ;
; WIDTHAD_A                          ; 5                                                                 ; Signed Integer ;
; NUMWORDS_A                         ; 32                                                                ; Signed Integer ;
; OUTDATA_REG_A                      ; UNREGISTERED                                                      ; Untyped        ;
; ADDRESS_ACLR_A                     ; NONE                                                              ; Untyped        ;
; OUTDATA_ACLR_A                     ; NONE                                                              ; Untyped        ;
; WRCONTROL_ACLR_A                   ; NONE                                                              ; Untyped        ;
; INDATA_ACLR_A                      ; NONE                                                              ; Untyped        ;
; BYTEENA_ACLR_A                     ; NONE                                                              ; Untyped        ;
; WIDTH_B                            ; 1                                                                 ; Untyped        ;
; WIDTHAD_B                          ; 1                                                                 ; Untyped        ;
; NUMWORDS_B                         ; 1                                                                 ; Untyped        ;
; INDATA_REG_B                       ; CLOCK1                                                            ; Untyped        ;
; WRCONTROL_WRADDRESS_REG_B          ; CLOCK1                                                            ; Untyped        ;
; RDCONTROL_REG_B                    ; CLOCK1                                                            ; Untyped        ;
; ADDRESS_REG_B                      ; CLOCK1                                                            ; Untyped        ;
; OUTDATA_REG_B                      ; UNREGISTERED                                                      ; Untyped        ;
; BYTEENA_REG_B                      ; CLOCK1                                                            ; Untyped        ;
; INDATA_ACLR_B                      ; NONE                                                              ; Untyped        ;
; WRCONTROL_ACLR_B                   ; NONE                                                              ; Untyped        ;
; ADDRESS_ACLR_B                     ; NONE                                                              ; Untyped        ;
; OUTDATA_ACLR_B                     ; NONE                                                              ; Untyped        ;
; RDCONTROL_ACLR_B                   ; NONE                                                              ; Untyped        ;
; BYTEENA_ACLR_B                     ; NONE                                                              ; Untyped        ;
; WIDTH_BYTEENA_A                    ; 1                                                                 ; Signed Integer ;
; WIDTH_BYTEENA_B                    ; 1                                                                 ; Untyped        ;
; RAM_BLOCK_TYPE                     ; M4K                                                               ; Untyped        ;
; BYTE_SIZE                          ; 8                                                                 ; Untyped        ;
; READ_DURING_WRITE_MODE_MIXED_PORTS ; DONT_CARE                                                         ; Untyped        ;
; READ_DURING_WRITE_MODE_PORT_A      ; NEW_DATA_NO_NBE_READ                                              ; Untyped        ;
; READ_DURING_WRITE_MODE_PORT_B      ; NEW_DATA_NO_NBE_READ                                              ; Untyped        ;
; INIT_FILE                          ; E:/altera/13.1/mydesign/sc_computer_student/source/sc_datamem.mif ; Untyped        ;
; INIT_FILE_LAYOUT                   ; PORT_A                                                            ; Untyped        ;
; MAXIMUM_DEPTH                      ; 0                                                                 ; Untyped        ;
; CLOCK_ENABLE_INPUT_A               ; BYPASS                                                            ; Untyped        ;
; CLOCK_ENABLE_INPUT_B               ; NORMAL                                                            ; Untyped        ;
; CLOCK_ENABLE_OUTPUT_A              ; BYPASS                                                            ; Untyped        ;
; CLOCK_ENABLE_OUTPUT_B              ; NORMAL                                                            ; Untyped        ;
; CLOCK_ENABLE_CORE_A                ; USE_INPUT_CLKEN                                                   ; Untyped        ;
; CLOCK_ENABLE_CORE_B                ; USE_INPUT_CLKEN                                                   ; Untyped        ;
; ENABLE_ECC                         ; FALSE                                                             ; Untyped        ;
; ECC_PIPELINE_STAGE_ENABLED         ; FALSE                                                             ; Untyped        ;
; WIDTH_ECCSTATUS                    ; 3                                                                 ; Untyped        ;
; DEVICE_FAMILY                      ; Cyclone V                                                         ; Untyped        ;
; CBXI_PARAMETER                     ; altsyncram_o7q1                                                   ; Untyped        ;
+------------------------------------+-------------------------------------------------------------------+----------------+
Note: In order to hide this table in the UI and the text report file, please set the "Show Parameter Settings in Synthesis Report" option in "Analysis and Synthesis Settings -> More Settings" to "Off".


+------------------------------------------------------------------------------------------------------------------+
; altsyncram Parameter Settings by Entity Instance                                                                 ;
+-------------------------------------------+----------------------------------------------------------------------+
; Name                                      ; Value                                                                ;
+-------------------------------------------+----------------------------------------------------------------------+
; Number of entity instances                ; 2                                                                    ;
; Entity Instance                           ; sc_instmem:imem|lpm_rom_irom:irom|altsyncram:altsyncram_component    ;
;     -- OPERATION_MODE                     ; ROM                                                                  ;
;     -- WIDTH_A                            ; 32                                                                   ;
;     -- NUMWORDS_A                         ; 64                                                                   ;
;     -- OUTDATA_REG_A                      ; UNREGISTERED                                                         ;
;     -- WIDTH_B                            ; 1                                                                    ;
;     -- NUMWORDS_B                         ; 1                                                                    ;
;     -- ADDRESS_REG_B                      ; CLOCK1                                                               ;
;     -- OUTDATA_REG_B                      ; UNREGISTERED                                                         ;
;     -- RAM_BLOCK_TYPE                     ; M4K                                                                  ;
;     -- READ_DURING_WRITE_MODE_MIXED_PORTS ; DONT_CARE                                                            ;
; Entity Instance                           ; sc_datamem:dmem|lpm_ram_dq_dram:dram|altsyncram:altsyncram_component ;
;     -- OPERATION_MODE                     ; SINGLE_PORT                                                          ;
;     -- WIDTH_A                            ; 32                                                                   ;
;     -- NUMWORDS_A                         ; 32                                                                   ;
;     -- OUTDATA_REG_A                      ; UNREGISTERED                                                         ;
;     -- WIDTH_B                            ; 1                                                                    ;
;     -- NUMWORDS_B                         ; 1                                                                    ;
;     -- ADDRESS_REG_B                      ; CLOCK1                                                               ;
;     -- OUTDATA_REG_B                      ; UNREGISTERED                                                         ;
;     -- RAM_BLOCK_TYPE                     ; M4K                                                                  ;
;     -- READ_DURING_WRITE_MODE_MIXED_PORTS ; DONT_CARE                                                            ;
+-------------------------------------------+----------------------------------------------------------------------+


+-------------------------------------------------------+
; Port Connectivity Checks: "sc_cpu:cpu|mux4x32:nextpc" ;
+----------+-------+----------+-------------------------+
; Port     ; Type  ; Severity ; Details                 ;
+----------+-------+----------+-------------------------+
; a3[1..0] ; Input ; Info     ; Stuck at GND            ;
+----------+-------+----------+-------------------------+


+------------------------------------------------------+
; Port Connectivity Checks: "sc_cpu:cpu|mux2x32:alu_a" ;
+-----------+-------+----------+-----------------------+
; Port      ; Type  ; Severity ; Details               ;
+-----------+-------+----------+-----------------------+
; a1[31..5] ; Input ; Info     ; Stuck at GND          ;
+-----------+-------+----------+-----------------------+


+-------------------------------+
; Elapsed Time Per Partition    ;
+----------------+--------------+
; Partition Name ; Elapsed Time ;
+----------------+--------------+
; Top            ; 00:00:09     ;
+----------------+--------------+


+-------------------------------+
; Analysis & Synthesis Messages ;
+-------------------------------+
Info: *******************************************************************
Info: Running Quartus II 64-Bit Analysis & Synthesis
    Info: Version 13.1.0 Build 162 10/23/2013 SJ Web Edition
    Info: Processing started: Tue Dec 13 15:25:54 2016
Info: Command: quartus_map --read_settings_files=on --write_settings_files=off sc_computer -c sc_computer
Info (11104): Parallel Compilation has detected 4 hyper-threaded processors. However, the extra hyper-threaded processors will not be used by default. Parallel Compilation will use 2 of the 2 physical processors detected instead.
Info (12021): Found 1 design units, including 1 entities, in source file source/sc_instmen.v
    Info (12023): Found entity 1: sc_instmem
Info (12021): Found 1 design units, including 1 entities, in source file source/sc_datamem.v
    Info (12023): Found entity 1: sc_datamem
Info (12021): Found 1 design units, including 1 entities, in source file source/sc_cu.v
    Info (12023): Found entity 1: sc_cu
Info (12021): Found 1 design units, including 1 entities, in source file source/sc_cpu.v
    Info (12023): Found entity 1: sc_cpu
Info (12021): Found 1 design units, including 1 entities, in source file source/sc_computer_test.v
    Info (12023): Found entity 1: sc_computer_test
Info (12021): Found 1 design units, including 1 entities, in source file source/sc_computer.v
    Info (12023): Found entity 1: sc_computer
Info (12021): Found 1 design units, including 1 entities, in source file source/regfile.v
    Info (12023): Found entity 1: regfile
Info (12021): Found 1 design units, including 1 entities, in source file source/my_test.v
    Info (12023): Found entity 1: my_test
Info (12021): Found 1 design units, including 1 entities, in source file source/mux4x32.v
    Info (12023): Found entity 1: mux4x32
Info (12021): Found 1 design units, including 1 entities, in source file source/mux2x32.v
    Info (12023): Found entity 1: mux2x32
Info (12021): Found 1 design units, including 1 entities, in source file source/mux2x5.v
    Info (12023): Found entity 1: mux2x5
Info (12021): Found 1 design units, including 1 entities, in source file source/lpm_rom_irom.v
    Info (12023): Found entity 1: lpm_rom_irom
Info (12021): Found 1 design units, including 1 entities, in source file source/lpm_ram_dq_dram.v
    Info (12023): Found entity 1: lpm_ram_dq_dram
Info (12021): Found 1 design units, including 1 entities, in source file source/dffe32.v
    Info (12023): Found entity 1: dffe32
Info (12021): Found 1 design units, including 1 entities, in source file source/dff32.v
    Info (12023): Found entity 1: dff32
Info (12021): Found 0 design units, including 0 entities, in source file source/cla32.v
Info (12021): Found 1 design units, including 1 entities, in source file source/alu.v
    Info (12023): Found entity 1: alu
Info (12127): Elaborating entity "sc_computer" for the top level hierarchy
Info (12128): Elaborating entity "sc_cpu" for hierarchy "sc_cpu:cpu"
Info (12128): Elaborating entity "dff32" for hierarchy "sc_cpu:cpu|dff32:ip"
Info (12128): Elaborating entity "sc_cu" for hierarchy "sc_cpu:cpu|sc_cu:cu"
Info (12128): Elaborating entity "mux2x32" for hierarchy "sc_cpu:cpu|mux2x32:alu_b"
Info (12128): Elaborating entity "mux2x5" for hierarchy "sc_cpu:cpu|mux2x5:reg_wn"
Info (12128): Elaborating entity "mux4x32" for hierarchy "sc_cpu:cpu|mux4x32:nextpc"
Info (12128): Elaborating entity "regfile" for hierarchy "sc_cpu:cpu|regfile:rf"
Warning (10240): Verilog HDL Always Construct warning at regfile.v(13): inferring latch(es) for variable "i", which holds its previous value in one or more paths through the always construct
Info (12128): Elaborating entity "alu" for hierarchy "sc_cpu:cpu|alu:al_unit"
Info (12128): Elaborating entity "sc_instmem" for hierarchy "sc_instmem:imem"
Info (12128): Elaborating entity "lpm_rom_irom" for hierarchy "sc_instmem:imem|lpm_rom_irom:irom"
Info (12128): Elaborating entity "altsyncram" for hierarchy "sc_instmem:imem|lpm_rom_irom:irom|altsyncram:altsyncram_component"
Info (12130): Elaborated megafunction instantiation "sc_instmem:imem|lpm_rom_irom:irom|altsyncram:altsyncram_component"
Info (12133): Instantiated megafunction "sc_instmem:imem|lpm_rom_irom:irom|altsyncram:altsyncram_component" with the following parameter:
    Info (12134): Parameter "clock_enable_input_a" = "BYPASS"
    Info (12134): Parameter "clock_enable_output_a" = "BYPASS"
    Info (12134): Parameter "init_file" = "E:/altera/13.1/mydesign/sc_computer_student/source/sc_instmem.mif"
    Info (12134): Parameter "intended_device_family" = "Cyclone V"
    Info (12134): Parameter "lpm_hint" = "ENABLE_RUNTIME_MOD=NO"
    Info (12134): Parameter "lpm_type" = "altsyncram"
    Info (12134): Parameter "maximum_depth" = "256"
    Info (12134): Parameter "numwords_a" = "64"
    Info (12134): Parameter "operation_mode" = "ROM"
    Info (12134): Parameter "outdata_aclr_a" = "NONE"
    Info (12134): Parameter "outdata_reg_a" = "UNREGISTERED"
    Info (12134): Parameter "ram_block_type" = "M4K"
    Info (12134): Parameter "widthad_a" = "6"
    Info (12134): Parameter "width_a" = "32"
    Info (12134): Parameter "width_byteena_a" = "1"
Warning (287001): Assertion warning: Device family Cyclone V does not have M4K blocks -- using available memory blocks
Info (12021): Found 1 design units, including 1 entities, in source file db/altsyncram_bpm1.tdf
    Info (12023): Found entity 1: altsyncram_bpm1
Info (12128): Elaborating entity "altsyncram_bpm1" for hierarchy "sc_instmem:imem|lpm_rom_irom:irom|altsyncram:altsyncram_component|altsyncram_bpm1:auto_generated"
Info (12128): Elaborating entity "sc_datamem" for hierarchy "sc_datamem:dmem"
Info (12128): Elaborating entity "lpm_ram_dq_dram" for hierarchy "sc_datamem:dmem|lpm_ram_dq_dram:dram"
Info (12128): Elaborating entity "altsyncram" for hierarchy "sc_datamem:dmem|lpm_ram_dq_dram:dram|altsyncram:altsyncram_component"
Info (12130): Elaborated megafunction instantiation "sc_datamem:dmem|lpm_ram_dq_dram:dram|altsyncram:altsyncram_component"
Info (12133): Instantiated megafunction "sc_datamem:dmem|lpm_ram_dq_dram:dram|altsyncram:altsyncram_component" with the following parameter:
    Info (12134): Parameter "clock_enable_input_a" = "BYPASS"
    Info (12134): Parameter "clock_enable_output_a" = "BYPASS"
    Info (12134): Parameter "init_file" = "E:/altera/13.1/mydesign/sc_computer_student/source/sc_datamem.mif"
    Info (12134): Parameter "intended_device_family" = "Cyclone V"
    Info (12134): Parameter "lpm_hint" = "ENABLE_RUNTIME_MOD=NO"
    Info (12134): Parameter "lpm_type" = "altsyncram"
    Info (12134): Parameter "numwords_a" = "32"
    Info (12134): Parameter "operation_mode" = "SINGLE_PORT"
    Info (12134): Parameter "outdata_aclr_a" = "NONE"
    Info (12134): Parameter "outdata_reg_a" = "UNREGISTERED"
    Info (12134): Parameter "power_up_uninitialized" = "FALSE"
    Info (12134): Parameter "ram_block_type" = "M4K"
    Info (12134): Parameter "widthad_a" = "5"
    Info (12134): Parameter "width_a" = "32"
    Info (12134): Parameter "width_byteena_a" = "1"
Warning (287001): Assertion warning: Device family Cyclone V does not have M4K blocks -- using available memory blocks
Info (12021): Found 1 design units, including 1 entities, in source file db/altsyncram_o7q1.tdf
    Info (12023): Found entity 1: altsyncram_o7q1
Info (12128): Elaborating entity "altsyncram_o7q1" for hierarchy "sc_datamem:dmem|lpm_ram_dq_dram:dram|altsyncram:altsyncram_component|altsyncram_o7q1:auto_generated"
Info (286030): Timing-Driven Synthesis is running
Info (16010): Generating hard_block partition "hard_block:auto_generated_inst"
    Info (16011): Adding 0 node(s), including 0 DDIO, 0 PLL, 0 transceiver and 0 LCELL
Info (21057): Implemented 2748 device resources after synthesis - the final resource count might be different
    Info (21058): Implemented 3 input pins
    Info (21059): Implemented 130 output pins
    Info (21061): Implemented 2551 logic cells
    Info (21064): Implemented 64 RAM segments
Info: Quartus II 64-Bit Analysis & Synthesis was successful. 0 errors, 3 warnings
    Info: Peak virtual memory: 582 megabytes
    Info: Processing ended: Tue Dec 13 15:26:06 2016
    Info: Elapsed time: 00:00:12
    Info: Total CPU time (on all processors): 00:00:11


